<?xml version="1.0" encoding="UTF-8"?>
<testsuite xmlns:xsi="http://www.w3.org/2001/XMLSchema-instance" xsi:noNamespaceSchemaLocation="https://maven.apache.org/surefire/maven-surefire-plugin/xsd/surefire-test-report-3.0.xsd" version="3.0" name="com.example.supermarket.controller.HealthControllerSecurityTest" time="0.712" tests="2" errors="0" skipped="0" failures="0">
  <properties>
[...]
</properties>
  <testcase name="protectedEndpointShouldRequireAuth" classname="com.example.supermarket.controller.HealthControllerSecurityTest" time="0.008">
    <system-out><![CDATA[2026-08-24T13:51:05.817+05:30  INFO 14504 --- [supermarket-backend] [           main] t.c.s.AnnotationConfigContextLoaderUtils : Could not detect default configuration classes for test class [com.example.supermarket.controller.HealthControllerSecurityTest]: HealthControllerSecurityTest does not declare any static, non-private, non-final, nested classes annotated with @Configuration.
2026-08-24T13:51:05.817+05:30  INFO 14504 --- [supermarket-backend] [           main] .b.t.c.SpringBootTestContextBootstrapper : Found @SpringBootConfiguration com.example.supermarket.SupermarketBackendApplication for test class com.example.supermarket.controller.HealthControllerSecurityTest

  .   ____          _            __ _ _
 /\\ / ___'_ __ _ _(_)_ __  __ _ \ \ \ \
( ( )\___ | '_ | '_| | '_ \/ _` | \ \ \ \
 \\/  ___)| |_)| | | | | || (_| |  ) ) ) )
  '  |____| .__|_| |_|_| |_\__, | / / / /
 =========|_|==============|___/=/_/_/_/

 :: Spring Boot ::                (v3.3.2)

2026-08-24T13:51:05.832+05:30  WARN 14504 --- [supermarket-backend] [           main] ory$DuplicateJsonObjectContextCustomizer : 

Found multiple occurrences of org.json.JSONObject on the class path:

	jar:file:/C:/Users/Kavin/.m2/repository/org/json/json/20180130/json-20180130.jar!/org/json/JSONObject.class
	jar:file:/C:/Users/Kavin/.m2/repository/com/vaadin/external/google/android-json/0.0.20131108.vaadin1/android-json-0.0.20131108.vaadin1.jar!/org/json/JSONObject.class

You may wish to exclude one of them to ensure predictable runtime behavior

2026-08-24T13:51:05.833+05:30  INFO 14504 --- [supermarket-backend] [           main] c.e.s.c.HealthControllerSecurityTest     : Starting HealthControllerSecurityTest using Java 21.0.12 with PID 14504 (started by Kavin in D:\supermarket_using_prompt\backend)
2026-08-24T13:51:05.833+05:30  INFO 14504 --- [supermarket-backend] [           main] c.e.s.c.HealthControllerSecurityTest     : The following 1 profile is active: "test"
2026-08-24T13:51:05.949+05:30  INFO 14504 --- [supermarket-backend] [           main] .s.d.r.c.RepositoryConfigurationDelegate : Bootstrapping Spring Data JPA repositories in DEFAULT mode.
2026-08-24T13:51:05.965+05:30  INFO 14504 --- [supermarket-backend] [           main] .s.d.r.c.RepositoryConfigurationDelegate : Finished Spring Data repository scanning in 17 ms. Found 19 JPA repository interfaces.
2026-08-24T13:51:06.016+05:30  INFO 14504 --- [supermarket-backend] [           main] o.hibernate.jpa.internal.util.LogHelper  : HHH000204: Processing PersistenceUnitInfo [name: default]
2026-08-24T13:51:06.017+05:30  INFO 14504 --- [supermarket-backend] [           main] o.h.c.internal.RegionFactoryInitiator    : HHH000026: Second-level cache disabled
2026-08-24T13:51:06.022+05:30  INFO 14504 --- [supermarket-backend] [           main] o.s.o.j.p.SpringPersistenceUnitInfo      : No LoadTimeWeaver setup: ignoring JPA class transformer
2026-08-24T13:51:06.022+05:30  INFO 14504 --- [supermarket-backend] [           main] com.zaxxer.hikari.HikariDataSource       : HikariPool-4 - Starting...
2026-08-24T13:51:06.023+05:30  INFO 14504 --- [supermarket-backend] [           main] com.zaxxer.hikari.pool.HikariPool        : HikariPool-4 - Added connection conn6: url=jdbc:h2:mem:supermarket_test user=SA
2026-08-24T13:51:06.023+05:30  INFO 14504 --- [supermarket-backend] [           main] com.zaxxer.hikari.HikariDataSource       : HikariPool-4 - Start completed.
2026-08-24T13:51:06.190+05:30  INFO 14504 --- [supermarket-backend] [           main] o.h.e.t.j.p.i.JtaPlatformInitiator       : HHH000489: No JTA platform available (set 'hibernate.transaction.jta.platform' to enable JTA platform integration)
Hibernate: 
    drop table if exists addresses cascade 
Hibernate: 
    drop table if exists cart_items cascade 
Hibernate: 
    drop table if exists carts cascade 
Hibernate: 
    drop table if exists categories cascade 
Hibernate: 
    drop table if exists coupon_usages cascade 
Hibernate: 
    drop table if exists coupons cascade 
Hibernate: 
    drop table if exists deliveries cascade 
Hibernate: 
    drop table if exists inventory_reservations cascade 
Hibernate: 
    drop table if exists inventory_transactions cascade 
Hibernate: 
    drop table if exists notifications cascade 
Hibernate: 
    drop table if exists order_items cascade 
Hibernate: 
    drop table if exists orders cascade 
Hibernate: 
    drop table if exists payments cascade 
Hibernate: 
    drop table if exists price_history cascade 
Hibernate: 
    drop table if exists product_reviews cascade 
Hibernate: 
    drop table if exists products cascade 
Hibernate: 
    drop table if exists reviews cascade 
Hibernate: 
    drop table if exists users cascade 
Hibernate: 
    drop table if exists wishlist_items cascade 
Hibernate: 
    create table addresses (
        is_default boolean not null,
        latitude float(53),
        longitude float(53),
        created_at timestamp(6) with time zone,
        id bigint generated by default as identity,
        updated_at timestamp(6) with time zone,
        user_id bigint not null,
        address_line_1 varchar(255) not null,
        address_line_2 varchar(255),
        city varchar(255) not null,
        phone_number varchar(255) not null,
        pin_code varchar(255) not null,
        recipient_name varchar(255) not null,
        state varchar(255) not null,
        type enum ('HOME','OTHER','WORK') not null,
        primary key (id)
    )
Hibernate: 
    create table cart_items (
        quantity integer not null,
        cart_id bigint not null,
        created_at timestamp(6) with time zone,
        id bigint generated by default as identity,
        product_id bigint not null,
        updated_at timestamp(6) with time zone,
        primary key (id)
    )
Hibernate: 
    create table carts (
        created_at timestamp(6) with time zone,
        id bigint generated by default as identity,
        updated_at timestamp(6) with time zone,
        user_id bigint not null unique,
        primary key (id)
    )
Hibernate: 
    create table categories (
        created_at timestamp(6) with time zone,
        id bigint generated by default as identity,
        parent_id bigint,
        updated_at timestamp(6) with time zone,
        description varchar(255),
        name varchar(255) not null,
        slug varchar(255) not null unique,
        primary key (id)
    )
Hibernate: 
    create table coupon_usages (
        coupon_id bigint not null,
        id bigint generated by default as identity,
        used_at timestamp(6) with time zone,
        customer_id varchar(255) not null,
        order_number varchar(255) not null,
        primary key (id),
        unique (coupon_id, order_number)
    )
Hibernate: 
    create table coupons (
        active boolean not null,
        current_usage integer not null,
        discount_value numeric(38,2) not null,
        max_discount numeric(38,2),
        min_order_value numeric(38,2),
        per_customer_limit integer,
        usage_limit integer,
        created_at timestamp(6) with time zone,
        id bigint generated by default as identity,
        updated_at timestamp(6) with time zone,
        valid_from timestamp(6) with time zone,
        valid_until timestamp(6) with time zone,
        code varchar(255) not null unique,
        description varchar(255),
        discount_type enum ('FIXED_AMOUNT','PERCENTAGE') not null,
        primary key (id)
    )
Hibernate: 
    create table deliveries (
        created_at timestamp(6) with time zone,
        estimated_delivery_time timestamp(6) with time zone,
        id bigint generated by default as identity,
        updated_at timestamp(6) with time zone,
        order_number varchar(255) not null unique,
        provider varchar(255) not null,
        provider_delivery_id varchar(255),
        tracking_url varchar(255),
        status enum ('ASSIGNED','CANCELLED','CREATED','DELIVERED','OUT_FOR_DELIVERY','PICKED_UP') not null,
        primary key (id)
    )
Hibernate: 
    create table inventory_reservations (
        quantity integer not null,
        created_at timestamp(6) with time zone,
        expires_at timestamp(6) with time zone,
        id bigint generated by default as identity,
        product_id bigint not null,
        updated_at timestamp(6) with time zone,
        order_number varchar(255) not null,
        status enum ('ACTIVE','COMMITTED','EXPIRED','RELEASED') not null,
        primary key (id)
    )
Hibernate: 
    create table inventory_transactions (
        previous_stock integer not null,
        quantity_change integer not null,
        resulting_stock integer not null,
        created_at timestamp(6) with time zone not null,
        id bigint generated by default as identity,
        product_id bigint not null,
        actor_username varchar(255),
        order_number varchar(255),
        reason varchar(255),
        transaction_type enum ('ADMIN_ADD','ADMIN_SET','ADMIN_SUBTRACT','ORDER_RESERVATION','RESERVATION_COMMIT','RESERVATION_RELEASE') not null,
        primary key (id)
    )
Hibernate: 
    create table notifications (
        is_read boolean not null,
        created_at timestamp(6) with time zone not null,
        id bigint generated by default as identity,
        message TEXT not null,
        order_number varchar(255),
        title varchar(255) not null,
        user_id varchar(255) not null,
        type enum ('DELIVERY_CREATED','ORDER_CANCELLED','ORDER_CONFIRMED','ORDER_DELIVERED','OUT_FOR_DELIVERY','PAYMENT_FAILED','PAYMENT_SUCCESS') not null,
        primary key (id)
    )
Hibernate: 
    create table order_items (
        discount numeric(38,2) not null,
        mrp numeric(38,2) not null,
        quantity integer not null,
        total_price numeric(38,2) not null,
        unit_price numeric(38,2) not null,
        created_at timestamp(6) with time zone,
        id bigint generated by default as identity,
        order_id bigint not null,
        product_id bigint not null,
        external_product_id varchar(255) not null,
        primary key (id)
    )
Hibernate: 
    create table orders (
        discount numeric(38,2) not null,
        subtotal numeric(38,2) not null,
        tax numeric(38,2) not null,
        total numeric(38,2) not null,
        created_at timestamp(6) with time zone,
        id bigint generated by default as identity,
        updated_at timestamp(6) with time zone,
        coupon_code varchar(255),
        customer_id varchar(255) not null,
        order_number varchar(255) not null unique,
        status varchar(255) not null,
        primary key (id)
    )
Hibernate: 
    create table payments (
        amount numeric(38,2) not null,
        created_at timestamp(6) with time zone,
        id bigint generated by default as identity,
        updated_at timestamp(6) with time zone,
        currency varchar(255) not null,
        customer_id varchar(255) not null,
        idempotency_key varchar(255) not null unique,
        order_number varchar(255) not null,
        provider_payment_id varchar(255),
        payment_method enum ('COD','MOCK','RAZORPAY') not null,
        provider enum ('COD','MOCK','RAZORPAY') not null,
        status enum ('CREATED','FAILED','PENDING','SUCCESS') not null,
        primary key (id)
    )
Hibernate: 
    create table price_history (
        discount numeric(38,2),
        mrp numeric(38,2) not null,
        price numeric(38,2) not null,
        created_at timestamp(6) with time zone,
        effective_from timestamp(6) with time zone not null,
        effective_to timestamp(6) with time zone,
        id bigint generated by default as identity,
        product_id bigint not null,
        synced_at timestamp(6) with time zone,
        external_product_id varchar(255) not null,
        source varchar(255) not null,
        primary key (id)
    )
Hibernate: 
    create table product_reviews (
        rating integer not null,
        created_at timestamp(6) with time zone,
        id bigint generated by default as identity,
        product_id bigint not null,
        updated_at timestamp(6) with time zone,
        user_id bigint not null,
        comment TEXT,
        primary key (id)
    )
Hibernate: 
    create table products (
        active boolean not null,
        available_quantity integer not null,
        discount_percent numeric(38,2),
        mrp numeric(38,2) not null,
        selling_price numeric(38,2) not null,
        category_id bigint,
        created_at timestamp(6) with time zone,
        id bigint generated by default as identity,
        last_synced_at timestamp(6) with time zone,
        updated_at timestamp(6) with time zone,
        availability_status varchar(255) not null,
        barcode varchar(255),
        brand varchar(255),
        external_id varchar(255) not null unique,
        image_url varchar(255),
        name varchar(255) not null,
        sku varchar(255),
        slug varchar(255) not null unique,
        source varchar(255) not null,
        unit varchar(255),
        primary key (id)
    )
Hibernate: 
    create table reviews (
        rating integer not null,
        created_at timestamp(6) with time zone,
        id bigint generated by default as identity,
        product_id bigint not null,
        comment varchar(255),
        username varchar(255) not null,
        primary key (id)
    )
Hibernate: 
    create table users (
        created_at timestamp(6) with time zone,
        id bigint generated by default as identity,
        password varchar(255) not null,
        username varchar(255) not null unique,
        role enum ('ADMIN','CUSTOMER') not null,
        primary key (id)
    )
Hibernate: 
    create table wishlist_items (
        created_at timestamp(6) with time zone,
        id bigint generated by default as identity,
        product_id bigint not null,
        user_id bigint not null,
        primary key (id)
    )
Hibernate: 
    alter table if exists addresses 
       add constraint FK1fa36y2oqhao3wgg2rw1pi459 
       foreign key (user_id) 
       references users
Hibernate: 
    alter table if exists cart_items 
       add constraint FKpcttvuq4mxppo8sxggjtn5i2c 
       foreign key (cart_id) 
       references carts
Hibernate: 
    alter table if exists cart_items 
       add constraint FK1re40cjegsfvw58xrkdp6bac6 
       foreign key (product_id) 
       references products
Hibernate: 
    alter table if exists carts 
       add constraint FKb5o626f86h46m4s7ms6ginnop 
       foreign key (user_id) 
       references users
Hibernate: 
    alter table if exists coupon_usages 
       add constraint FK3mvslb8gc0ac6501mfmvifgva 
       foreign key (coupon_id) 
       references coupons
Hibernate: 
    alter table if exists order_items 
       add constraint FKbioxgbv59vetrxe0ejfubep1w 
       foreign key (order_id) 
       references orders
Hibernate: 
    alter table if exists order_items 
       add constraint FKocimc7dtr037rh4ls4l95nlfi 
       foreign key (product_id) 
       references products
Hibernate: 
    alter table if exists price_history 
       add constraint FK1qwxogo4nas36rqukuaw0q8u6 
       foreign key (product_id) 
       references products
Hibernate: 
    alter table if exists product_reviews 
       add constraint FK35kxxqe2g9r4mww80w9e3tnw9 
       foreign key (product_id) 
       references products
Hibernate: 
    alter table if exists product_reviews 
       add constraint FK58i39bhws2hss3tbcvdmrm60f 
       foreign key (user_id) 
       references users
Hibernate: 
    alter table if exists products 
       add constraint FKog2rp4qthbtt2lfyhfo32lsw9 
       foreign key (category_id) 
       references categories
Hibernate: 
    alter table if exists wishlist_items 
       add constraint FKqxj7lncd242b59fb78rqegyxj 
       foreign key (product_id) 
       references products
Hibernate: 
    alter table if exists wishlist_items 
       add constraint FKmmj2k1i459yu449k3h1vx5abp 
       foreign key (user_id) 
       references users
2026-08-24T13:51:06.216+05:30  INFO 14504 --- [supermarket-backend] [           main] j.LocalContainerEntityManagerFactoryBean : Initialized JPA EntityManagerFactory for persistence unit 'default'
2026-08-24T13:51:06.316+05:30  INFO 14504 --- [supermarket-backend] [           main] eAuthenticationProviderManagerConfigurer : Global AuthenticationManager configured with AuthenticationProvider bean with name authenticationProvider
2026-08-24T13:51:06.316+05:30  WARN 14504 --- [supermarket-backend] [           main] r$InitializeUserDetailsManagerConfigurer : Global AuthenticationManager configured with an AuthenticationProvider bean. UserDetailsService beans will not be used for username/password login. Consider removing the AuthenticationProvider bean. Alternatively, consider using the UserDetailsService in a manually instantiated DaoAuthenticationProvider.
2026-08-24T13:51:06.363+05:30  WARN 14504 --- [supermarket-backend] [           main] JpaBaseConfiguration$JpaWebConfiguration : spring.jpa.open-in-view is enabled by default. Therefore, database queries may be performed during view rendering. Explicitly configure spring.jpa.open-in-view to disable this warning
2026-08-24T13:51:06.449+05:30  INFO 14504 --- [supermarket-backend] [           main] o.s.b.t.m.w.SpringBootMockServletContext : Initializing Spring TestDispatcherServlet ''
2026-08-24T13:51:06.449+05:30  INFO 14504 --- [supermarket-backend] [           main] o.s.t.web.servlet.TestDispatcherServlet  : Initializing Servlet ''
2026-08-24T13:51:06.450+05:30  INFO 14504 --- [supermarket-backend] [           main] o.s.t.web.servlet.TestDispatcherServlet  : Completed initialization in 1 ms
2026-08-24T13:51:06.457+05:30  INFO 14504 --- [supermarket-backend] [           main] c.e.s.c.HealthControllerSecurityTest     : Started HealthControllerSecurityTest in 0.636 seconds (process running for 11.888)
Hibernate: 
    select
        u1_0.id,
        u1_0.created_at,
        u1_0.password,
        u1_0.role,
        u1_0.username 
    from
        users u1_0 
    where
        u1_0.username=?
Hibernate: 
    select
        o1_0.id,
        o1_0.coupon_code,
        o1_0.created_at,
        o1_0.customer_id,
        o1_0.discount,
        o1_0.order_number,
        o1_0.status,
        o1_0.subtotal,
        o1_0.tax,
        o1_0.total,
        o1_0.updated_at 
    from
        orders o1_0 
    where
        o1_0.status=? 
        and o1_0.created_at<?
Hibernate: 
    insert 
    into
        users
        (password, role, username, id) 
    values
        (?, ?, ?, default)
]]></system-out>
  </testcase>
  <testcase name="healthEndpointShouldBePublic" classname="com.example.supermarket.controller.HealthControllerSecurityTest" time="0.006"/>
</testsuite>